The system is: Linux - 4.4.0-19041-Microsoft - x86_64
Compiling the C compiler identification source file "CMakeCCompilerId.c" succeeded.
Compiler: /usr/bin/cc 
Build flags: 
Id flags:  

The output was:
0


Compilation of the C compiler identification source "CMakeCCompilerId.c" produced "a.out"

The C compiler identification is GNU, found in "/mnt/c/Users/Nyso/Desktop/graph_pattern_matching/algorithm202105_assignment2/build/CMakeFiles/3.16.3/CompilerIdC/a.out"

Determining if the C compiler works passed with the following output:
Change Dir: /mnt/c/Users/Nyso/Desktop/graph_pattern_matching/algorithm202105_assignment2/build/CMakeFiles/CMakeTmp

Run Build Command(s):/usr/bin/make cmTC_456ee/fast && /usr/bin/make -f CMakeFiles/cmTC_456ee.dir/build.make CMakeFiles/cmTC_456ee.dir/build
make[1]: Entering directory '/mnt/c/Users/Nyso/Desktop/graph_pattern_matching/algorithm202105_assignment2/build/CMakeFiles/CMakeTmp'
Building C object CMakeFiles/cmTC_456ee.dir/testCCompiler.c.o
/usr/bin/cc    -o CMakeFiles/cmTC_456ee.dir/testCCompiler.c.o   -c /mnt/c/Users/Nyso/Desktop/graph_pattern_matching/algorithm202105_assignment2/build/CMakeFiles/CMakeTmp/testCCompiler.c
Linking C executable cmTC_456ee
/usr/bin/cmake -E cmake_link_script CMakeFiles/cmTC_456ee.dir/link.txt --verbose=1
/usr/bin/cc      -rdynamic CMakeFiles/cmTC_456ee.dir/testCCompiler.c.o  -o cmTC_456ee 
make[1]: Leaving directory '/mnt/c/Users/Nyso/Desktop/graph_pattern_matching/algorithm202105_assignment2/build/CMakeFiles/CMakeTmp'



Compiling the CXX compiler identification source file "CMakeCXXCompilerId.cpp" succeeded.
Compiler: /usr/bin/c++ 
Build flags: 
Id flags:  

The output was:
0


Compilation of the CXX compiler identification source "CMakeCXXCompilerId.cpp" produced "a.out"

The CXX compiler identification is GNU, found in "/mnt/c/Users/Nyso/Desktop/graph_pattern_matching/algorithm202105_assignment2/build/CMakeFiles/3.16.3/CompilerIdCXX/a.out"

Determining if the CXX compiler works passed with the following output:
Change Dir: /mnt/c/Users/Nyso/Desktop/graph_pattern_matching/algorithm202105_assignment2/build/CMakeFiles/CMakeTmp

Run Build Command(s):/usr/bin/make cmTC_9f17d/fast && /usr/bin/make -f CMakeFiles/cmTC_9f17d.dir/build.make CMakeFiles/cmTC_9f17d.dir/build
make[1]: Entering directory '/mnt/c/Users/Nyso/Desktop/graph_pattern_matching/algorithm202105_assignment2/build/CMakeFiles/CMakeTmp'
Building CXX object CMakeFiles/cmTC_9f17d.dir/testCXXCompiler.cxx.o
/usr/bin/c++     -o CMakeFiles/cmTC_9f17d.dir/testCXXCompiler.cxx.o -c /mnt/c/Users/Nyso/Desktop/graph_pattern_matching/algorithm202105_assignment2/build/CMakeFiles/CMakeTmp/testCXXCompiler.cxx
Linking CXX executable cmTC_9f17d
/usr/bin/cmake -E cmake_link_script CMakeFiles/cmTC_9f17d.dir/link.txt --verbose=1
/usr/bin/c++       -rdynamic CMakeFiles/cmTC_9f17d.dir/testCXXCompiler.cxx.o  -o cmTC_9f17d 
make[1]: Leaving directory '/mnt/c/Users/Nyso/Desktop/graph_pattern_matching/algorithm202105_assignment2/build/CMakeFiles/CMakeTmp'



